<?xml version="1.0" encoding="UTF-8"?>
<!-- Generated by org.testng.reporters.JUnitXMLReporter -->
<testsuite ignored="0" hostname="TALENTCLASS112" failures="0" tests="3" name="Submit Order Test" time="22.589" errors="0" timestamp="2024-05-28T15:56:06 CEST">
  <testcase classname="rahulshettyacademy.tests.SubmitOrderTest" name="submitOrder" time="3.983"/>
  <testcase classname="rahulshettyacademy.tests.SubmitOrderTest" name="submitOrder" time="3.702"/>
  <testcase classname="rahulshettyacademy.tests.SubmitOrderTest" name="OrderHistoryTest" time="0.847"/>
</testsuite> <!-- Submit Order Test -->
