<?xml version="1.0" encoding="UTF-8"?>
<!-- Generated by org.testng.reporters.JUnitXMLReporter -->
<testsuite ignored="0" hostname="TALENTCLASS112" failures="0" tests="2" name="Error Validations Test" time="14.712" errors="0" timestamp="2024-05-29T11:01:52 CEST">
  <testcase classname="rahulshettyacademy.tests.ErrorValidationsTest" name="LoginErrorValidation" time="1.05"/>
  <testcase classname="rahulshettyacademy.tests.ErrorValidationsTest" name="ProductErrorValidation" time="2.631"/>
</testsuite> <!-- Error Validations Test -->
